<?xml version="1.0" encoding="UTF-8"?>
<testng-results ignored="0" total="2" passed="2" failed="0" skipped="0">
  <reporter-output>
  </reporter-output>
  <suite started-at="2025-12-08T11:52:22 IST" name="Default suite" finished-at="2025-12-08T11:58:25 IST" duration-ms="363715">
    <groups>
      <group name="cucumber">
        <method signature="AbstractTestNGCucumberTests.runScenario(io.cucumber.testng.PickleWrapper,io.cucumber.testng.FeatureWrapper)[pri:0, instance:Runner.Runnerclass@2f67a4d3]" name="runScenario" class="io.cucumber.testng.AbstractTestNGCucumberTests"/>
      </group> <!-- cucumber -->
    </groups>
    <test started-at="2025-12-08T11:52:22 IST" name="Default test" finished-at="2025-12-08T11:58:25 IST" duration-ms="363715">
      <class name="Runner.Runnerclass">
        <test-method is-config="true" signature="setUpClass(org.testng.ITestContext)[pri:0, instance:Runner.Runnerclass@2f67a4d3]" started-at="2025-12-08T11:52:22 IST" name="setUpClass" finished-at="2025-12-08T11:52:28 IST" duration-ms="6117" status="PASS">
          <params>
            <param index="0">
              <value>
                <![CDATA[org.testng.TestRunner@4136b193]]>
              </value>
            </param>
          </params>
          <reporter-output>
          </reporter-output>
        </test-method> <!-- setUpClass -->
        <test-method signature="runScenario(io.cucumber.testng.PickleWrapper,io.cucumber.testng.FeatureWrapper)[pri:0, instance:Runner.Runnerclass@2f67a4d3]" started-at="2025-12-08T11:52:28 IST" name="runScenario" description="Runs Cucumber Scenarios" data-provider="scenarios" finished-at="2025-12-08T11:52:55 IST" duration-ms="26974" status="PASS">
          <params>
            <param index="0">
              <value>
                <![CDATA["Login page"]]>
              </value>
            </param>
            <param index="1">
              <value>
                <![CDATA["UMS"]]>
              </value>
            </param>
          </params>
          <reporter-output>
          </reporter-output>
        </test-method> <!-- runScenario -->
        <test-method signature="runScenario(io.cucumber.testng.PickleWrapper,io.cucumber.testng.FeatureWrapper)[pri:0, instance:Runner.Runnerclass@2f67a4d3]" started-at="2025-12-08T11:52:55 IST" name="runScenario" description="Runs Cucumber Scenarios" data-provider="scenarios" finished-at="2025-12-08T11:58:22 IST" duration-ms="326837" status="PASS">
          <params>
            <param index="0">
              <value>
                <![CDATA["Created By Action items Page"]]>
              </value>
            </param>
            <param index="1">
              <value>
                <![CDATA["UMS"]]>
              </value>
            </param>
          </params>
          <reporter-output>
          </reporter-output>
        </test-method> <!-- runScenario -->
        <test-method is-config="true" signature="tearDownClass()[pri:0, instance:Runner.Runnerclass@2f67a4d3]" started-at="2025-12-08T11:58:22 IST" name="tearDownClass" finished-at="2025-12-08T11:58:25 IST" duration-ms="3671" status="PASS">
          <reporter-output>
          </reporter-output>
        </test-method> <!-- tearDownClass -->
      </class> <!-- Runner.Runnerclass -->
    </test> <!-- Default test -->
  </suite> <!-- Default suite -->
</testng-results>
