<?xml version="1.0" encoding="UTF-8"?>
<!-- Generated by org.testng.reporters.JUnitReportReporter -->
<testsuite hostname="IKCON1036" failures="0" tests="5" name="Runner.Runnerclass" time="1296.274" errors="0" timestamp="2026-01-22T19:21:06 IST" skipped="0">
  <testcase classname="Runner.Runnerclass" name="runScenario" time="174.377"/>
  <testcase classname="Runner.Runnerclass" name="runScenario" time="195.564"/>
  <testcase classname="Runner.Runnerclass" name="runScenario" time="204.777"/>
  <testcase classname="Runner.Runnerclass" name="runScenario" time="29.046"/>
  <testcase classname="Runner.Runnerclass" name="runScenario" time="692.510"/>
</testsuite> <!-- Runner.Runnerclass -->
