<?xml version="1.0" encoding="UTF-8"?>
<!-- Generated by org.testng.reporters.JUnitReportReporter -->
<testsuite hostname="IKCON1036" failures="0" tests="2" name="Runner.Runnerclass" time="177.882" errors="1" timestamp="2026-01-23T14:22:19 IST" skipped="0">
  <testcase classname="Runner.Runnerclass" name="runScenario" time="28.354"/>
  <testcase classname="Runner.Runnerclass" name="runScenario" time="149.528">
    <error message="invalid selector: Unable to locate an element with the xpath expression //tr[td[normalize-space(text())=&#039;Task241&#039;]/td[1]//input[@type=&#039;checkbox&#039;] because of the following error:
SyntaxError: Failed to execute &#039;evaluate&#039; on &#039;Document&#039;: The string &#039;//tr[td[normalize-space(text())=&#039;Task241&#039;]/td[1]//input[@type=&#039;checkbox&#039;]&#039; is not a valid XPath expression.
  (Session info: chrome=144.0.7559.60)
For documentation on this error, please visit: https://www.selenium.dev/documentation/webdriver/troubleshooting/errors#invalid-selector-exception
Build info: version: &#039;4.20.0&#039;, revision: &#039;866c76ca80&#039;
System info: os.name: &#039;Windows 11&#039;, os.arch: &#039;amd64&#039;, os.version: &#039;10.0&#039;, java.version: &#039;21.0.1&#039;
Driver info: org.openqa.selenium.chrome.ChromeDriver
Command: [1fb0cf0b1f4df7b719dfad034d709766, findElement {value=//tr[td[normalize-space(text())=&#039;Task241&#039;]/td[1]//input[@type=&#039;checkbox&#039;], using=xpath}]
Capabilities {acceptInsecureCerts: true, browserName: chrome, browserVersion: 144.0.7559.60, chrome: {chromedriverVersion: 144.0.7559.96 (d7b80622cfab..., userDataDir: C:\Users\PRAVEE~1\AppData\L...}, fedcm:accounts: true, goog:chromeOptions: {debuggerAddress: localhost:52381}, goog:processID: 20976, networkConnectionEnabled: false, pageLoadStrategy: normal, platformName: windows, proxy: Proxy(), se:cdp: ws://localhost:52381/devtoo..., se:cdpVersion: 144.0.7559.60, setWindowRect: true, strictFileInteractability: false, timeouts: {implicit: 30000, pageLoad: 300000, script: 30000}, unhandledPromptBehavior: dismiss and notify, webauthn:extension:credBlob: true, webauthn:extension:largeBlob: true, webauthn:extension:minPinLength: true, webauthn:extension:prf: true, webauthn:virtualAuthenticators: true}
Session ID: 1fb0cf0b1f4df7b719dfad034d709766" type="org.openqa.selenium.InvalidSelectorException">
      <![CDATA[org.openqa.selenium.InvalidSelectorException: invalid selector: Unable to locate an element with the xpath expression //tr[td[normalize-space(text())='Task241']/td[1]//input[@type='checkbox'] because of the following error:
SyntaxError: Failed to execute 'evaluate' on 'Document': The string '//tr[td[normalize-space(text())='Task241']/td[1]//input[@type='checkbox']' is not a valid XPath expression.
  (Session info: chrome=144.0.7559.60)
For documentation on this error, please visit: https://www.selenium.dev/documentation/webdriver/troubleshooting/errors#invalid-selector-exception
Build info: version: '4.20.0', revision: '866c76ca80'
System info: os.name: 'Windows 11', os.arch: 'amd64', os.version: '10.0', java.version: '21.0.1'
Driver info: org.openqa.selenium.chrome.ChromeDriver
Command: [1fb0cf0b1f4df7b719dfad034d709766, findElement {value=//tr[td[normalize-space(text())='Task241']/td[1]//input[@type='checkbox'], using=xpath}]
Capabilities {acceptInsecureCerts: true, browserName: chrome, browserVersion: 144.0.7559.60, chrome: {chromedriverVersion: 144.0.7559.96 (d7b80622cfab..., userDataDir: C:\Users\PRAVEE~1\AppData\L...}, fedcm:accounts: true, goog:chromeOptions: {debuggerAddress: localhost:52381}, goog:processID: 20976, networkConnectionEnabled: false, pageLoadStrategy: normal, platformName: windows, proxy: Proxy(), se:cdp: ws://localhost:52381/devtoo..., se:cdpVersion: 144.0.7559.60, setWindowRect: true, strictFileInteractability: false, timeouts: {implicit: 30000, pageLoad: 300000, script: 30000}, unhandledPromptBehavior: dismiss and notify, webauthn:extension:credBlob: true, webauthn:extension:largeBlob: true, webauthn:extension:minPinLength: true, webauthn:extension:prf: true, webauthn:virtualAuthenticators: true}
Session ID: 1fb0cf0b1f4df7b719dfad034d709766
at java.base/jdk.internal.reflect.DirectConstructorHandleAccessor.newInstance(DirectConstructorHandleAccessor.java:62)
at java.base/java.lang.reflect.Constructor.newInstanceWithCaller(Constructor.java:502)
at java.base/java.lang.reflect.Constructor.newInstance(Constructor.java:486)
at org.openqa.selenium.remote.ErrorCodec.decode(ErrorCodec.java:167)
at org.openqa.selenium.remote.codec.w3c.W3CHttpResponseCodec.decode(W3CHttpResponseCodec.java:138)
at org.openqa.selenium.remote.codec.w3c.W3CHttpResponseCodec.decode(W3CHttpResponseCodec.java:50)
at org.openqa.selenium.remote.HttpCommandExecutor.execute(HttpCommandExecutor.java:190)
at org.openqa.selenium.remote.service.DriverCommandExecutor.invokeExecute(DriverCommandExecutor.java:216)
at org.openqa.selenium.remote.service.DriverCommandExecutor.execute(DriverCommandExecutor.java:174)
at org.openqa.selenium.remote.RemoteWebDriver.execute(RemoteWebDriver.java:518)
at org.openqa.selenium.remote.ElementLocation$ElementFinder$2.findElement(ElementLocation.java:165)
at org.openqa.selenium.remote.ElementLocation.findElement(ElementLocation.java:59)
at org.openqa.selenium.remote.RemoteWebDriver.findElement(RemoteWebDriver.java:355)
at org.openqa.selenium.remote.RemoteWebDriver.findElement(RemoteWebDriver.java:349)
at Objectclasses.Actionitem_object.user_delete_task_in_Actionitem_page(Actionitem_object.java:382)
at Stepdefinitions.Actionitem_steps.user__delete_task_in_Actionitemsspage(Actionitem_steps.java:65)
at ✽.user delete task in action items page "Actionitem289" "Task241" "Taskdescription241"(file:///C:/Users/PraveenReddyGurram/eclipsenew/UMS_NEW/src/test/resources/Features/DActionitems.feature:14)
]]>
    </error>
  </testcase> <!-- runScenario -->
</testsuite> <!-- Runner.Runnerclass -->
